Release 14.5 - xst P.58f (nt64)
Copyright (c) 1995-2012 Xilinx, Inc.  All rights reserved.
--> Parameter TMPDIR set to xst/projnav.tmp


Total REAL time to Xst completion: 0.00 secs
Total CPU time to Xst completion: 0.07 secs
 
--> Parameter xsthdpdir set to xst


Total REAL time to Xst completion: 0.00 secs
Total CPU time to Xst completion: 0.08 secs
 
--> Reading design: ALU.prj

TABLE OF CONTENTS
  1) Synthesis Options Summary
  2) HDL Parsing
  3) HDL Elaboration
  4) HDL Synthesis
       4.1) HDL Synthesis Report
  5) Advanced HDL Synthesis
       5.1) Advanced HDL Synthesis Report
  6) Low Level Synthesis
  7) Partition Report
  8) Design Summary
       8.1) Primitive and Black Box Usage
       8.2) Device utilization summary
       8.3) Partition Resource Summary
       8.4) Timing Report
            8.4.1) Clock Information
            8.4.2) Asynchronous Control Signals Information
            8.4.3) Timing Summary
            8.4.4) Timing Details
            8.4.5) Cross Clock Domains Report


=========================================================================
*                      Synthesis Options Summary                        *
=========================================================================
---- Source Parameters
Input File Name                    : "ALU.prj"
Ignore Synthesis Constraint File   : NO

---- Target Parameters
Output File Name                   : "ALU"
Output Format                      : NGC
Target Device                      : xc7a100t-3-csg324

---- Source Options
Top Module Name                    : ALU
Automatic FSM Extraction           : YES
FSM Encoding Algorithm             : Auto
Safe Implementation                : No
FSM Style                          : LUT
RAM Extraction                     : Yes
RAM Style                          : Auto
ROM Extraction                     : Yes
Shift Register Extraction          : YES
ROM Style                          : Auto
Resource Sharing                   : YES
Asynchronous To Synchronous        : NO
Shift Register Minimum Size        : 2
Use DSP Block                      : Auto
Automatic Register Balancing       : No

---- Target Options
LUT Combining                      : Auto
Reduce Control Sets                : Auto
Add IO Buffers                     : YES
Global Maximum Fanout              : 100000
Add Generic Clock Buffer(BUFG)     : 32
Register Duplication               : YES
Optimize Instantiated Primitives   : NO
Use Clock Enable                   : Auto
Use Synchronous Set                : Auto
Use Synchronous Reset              : Auto
Pack IO Registers into IOBs        : Auto
Equivalent register Removal        : YES

---- General Options
Optimization Goal                  : Speed
Optimization Effort                : 1
Power Reduction                    : NO
Keep Hierarchy                     : No
Netlist Hierarchy                  : As_Optimized
RTL Output                         : Yes
Global Optimization                : AllClockNets
Read Cores                         : YES
Write Timing Constraints           : NO
Cross Clock Analysis               : NO
Hierarchy Separator                : /
Bus Delimiter                      : <>
Case Specifier                     : Maintain
Slice Utilization Ratio            : 100
BRAM Utilization Ratio             : 100
DSP48 Utilization Ratio            : 100
Auto BRAM Packing                  : NO
Slice Utilization Ratio Delta      : 5

=========================================================================


=========================================================================
*                          HDL Parsing                                  *
=========================================================================
Parsing VHDL file "C:\Users\pc\Documents\GitHub\Architecture\OR_gate.vhd" into library work
Parsing entity <OR_gate>.
Parsing architecture <Behavioral> of entity <or_gate>.
Parsing VHDL file "C:\Users\pc\Documents\GitHub\Architecture\not_gate.vhd" into library work
Parsing entity <not_gate>.
Parsing architecture <Behavioral> of entity <not_gate>.
Parsing VHDL file "C:\Users\pc\Documents\GitHub\Architecture\mux_3to1.vhd" into library work
Parsing entity <mux_3to1>.
Parsing architecture <Behavioral> of entity <mux_3to1>.
Parsing VHDL file "C:\Users\pc\Documents\GitHub\Architecture\mux_2to1.vhd" into library work
Parsing entity <mux_2to1>.
Parsing architecture <Behavioral> of entity <mux_2to1>.
Parsing VHDL file "C:\Users\pc\Documents\GitHub\Architecture\fullAdder.vhd" into library work
Parsing entity <fullAdder>.
Parsing architecture <Behavioral> of entity <fulladder>.
Parsing VHDL file "C:\Users\pc\Documents\GitHub\Architecture\and_gate.vhd" into library work
Parsing entity <and_gate>.
Parsing architecture <Behavioral> of entity <and_gate>.
Parsing VHDL file "C:\Users\pc\Documents\GitHub\Architecture\ALU_1bit.vhd" into library work
Parsing entity <ALU_1bit>.
Parsing architecture <Behavioral> of entity <alu_1bit>.
Parsing VHDL file "C:\Users\pc\Documents\GitHub\Architecture\ALU.vhd" into library work
Parsing entity <ALU>.
Parsing architecture <Behavioral> of entity <alu>.

=========================================================================
*                            HDL Elaboration                            *
=========================================================================

Elaborating entity <ALU> (architecture <Behavioral>) from library <work>.

Elaborating entity <ALU_1bit> (architecture <Behavioral>) from library <work>.

Elaborating entity <mux_3to1> (architecture <Behavioral>) from library <work>.

Elaborating entity <fullAdder> (architecture <Behavioral>) from library <work>.

Elaborating entity <and_gate> (architecture <Behavioral>) from library <work>.

Elaborating entity <OR_gate> (architecture <Behavioral>) from library <work>.

Elaborating entity <not_gate> (architecture <Behavioral>) from library <work>.

Elaborating entity <mux_2to1> (architecture <Behavioral>) from library <work>.
INFO:HDLCompiler:679 - "C:\Users\pc\Documents\GitHub\Architecture\mux_2to1.vhd" Line 46. Case statement is complete. others clause is never selected

=========================================================================
*                           HDL Synthesis                               *
=========================================================================

Synthesizing Unit <ALU>.
    Related source file is "C:\Users\pc\Documents\GitHub\Architecture\ALU.vhd".
WARNING:Xst:647 - Input <cin> is never used. This port will be preserved and left unconnected if it belongs to a top-level block or it belongs to a sub-block and the hierarchy of this sub-block is preserved.
    Summary:
Unit <ALU> synthesized.

Synthesizing Unit <ALU_1bit>.
    Related source file is "C:\Users\pc\Documents\GitHub\Architecture\ALU_1bit.vhd".
WARNING:Xst:647 - Input <sel1<3:3>> is never used. This port will be preserved and left unconnected if it belongs to a top-level block or it belongs to a sub-block and the hierarchy of this sub-block is preserved.
    Summary:
	no macro.
Unit <ALU_1bit> synthesized.

Synthesizing Unit <mux_3to1>.
    Related source file is "C:\Users\pc\Documents\GitHub\Architecture\mux_3to1.vhd".
    Found 1-bit 3-to-1 multiplexer for signal <S[1]_Z_5_o_Mux_1_o> created at line 45.
    Found 1-bit tristate buffer for signal <O> created at line 43
    Summary:
	inferred   1 Multiplexer(s).
	inferred   1 Tristate(s).
Unit <mux_3to1> synthesized.

Synthesizing Unit <fullAdder>.
    Related source file is "C:\Users\pc\Documents\GitHub\Architecture\fullAdder.vhd".
    Summary:
Unit <fullAdder> synthesized.

Synthesizing Unit <and_gate>.
    Related source file is "C:\Users\pc\Documents\GitHub\Architecture\and_gate.vhd".
    Summary:
	no macro.
Unit <and_gate> synthesized.

Synthesizing Unit <OR_gate>.
    Related source file is "C:\Users\pc\Documents\GitHub\Architecture\OR_gate.vhd".
    Summary:
	no macro.
Unit <OR_gate> synthesized.

Synthesizing Unit <not_gate>.
    Related source file is "C:\Users\pc\Documents\GitHub\Architecture\not_gate.vhd".
    Summary:
	no macro.
Unit <not_gate> synthesized.

Synthesizing Unit <mux_2to1>.
    Related source file is "C:\Users\pc\Documents\GitHub\Architecture\mux_2to1.vhd".
    Summary:
	inferred   1 Multiplexer(s).
Unit <mux_2to1> synthesized.

=========================================================================
HDL Synthesis Report

Macro Statistics
# Multiplexers                                         : 64
 1-bit 2-to-1 multiplexer                              : 32
 1-bit 3-to-1 multiplexer                              : 32
# Tristates                                            : 32
 1-bit tristate buffer                                 : 32
# Xors                                                 : 65
 1-bit xor2                                            : 65

=========================================================================

=========================================================================
*                       Advanced HDL Synthesis                          *
=========================================================================


=========================================================================
Advanced HDL Synthesis Report

Macro Statistics
# Multiplexers                                         : 32
 1-bit 3-to-1 multiplexer                              : 32
# Xors                                                 : 65
 1-bit xor2                                            : 65

=========================================================================

=========================================================================
*                         Low Level Synthesis                           *
=========================================================================
WARNING:Xst:2042 - Unit ALU: 32 internal tristates are replaced by logic (pull-up yes): N10, N11, N12, N13, N14, N15, N16, N17, N18, N19, N2, N20, N21, N22, N23, N24, N25, N26, N27, N28, N29, N3, N30, N31, N32, N33, N4, N5, N6, N7, N8, N9.

Optimizing unit <ALU> ...

Mapping all equations...
Building and optimizing final netlist ...
Found area constraint ratio of 100 (+ 5) on block ALU, actual ratio is 0.

Final Macro Processing ...

=========================================================================
Final Register Report

Found no macro
=========================================================================

=========================================================================
*                           Partition Report                            *
=========================================================================

Partition Implementation Status
-------------------------------

  No Partitions were found in this design.

-------------------------------

=========================================================================
*                            Design Summary                             *
=========================================================================

Top Level Output File Name         : ALU.ngc

Primitive and Black Box Usage:
------------------------------
# BELS                             : 73
#      LUT2                        : 1
#      LUT3                        : 1
#      LUT4                        : 16
#      LUT5                        : 2
#      LUT6                        : 53
# IO Buffers                       : 102
#      IBUF                        : 67
#      OBUF                        : 3
#      OBUFT                       : 32

Device utilization summary:
---------------------------

Selected Device : 7a100tcsg324-3 


Slice Logic Utilization: 
 Number of Slice LUTs:                   73  out of  63400     0%  
    Number used as Logic:                73  out of  63400     0%  

Slice Logic Distribution: 
 Number of LUT Flip Flop pairs used:     73
   Number with an unused Flip Flop:      73  out of     73   100%  
   Number with an unused LUT:             0  out of     73     0%  
   Number of fully used LUT-FF pairs:     0  out of     73     0%  
   Number of unique control sets:         0

IO Utilization: 
 Number of IOs:                         104
 Number of bonded IOBs:                 102  out of    210    48%  

Specific Feature Utilization:

---------------------------
Partition Resource Summary:
---------------------------

  No Partitions were found in this design.

---------------------------


=========================================================================
Timing Report

NOTE: THESE TIMING NUMBERS ARE ONLY A SYNTHESIS ESTIMATE.
      FOR ACCURATE TIMING INFORMATION PLEASE REFER TO THE TRACE REPORT
      GENERATED AFTER PLACE-and-ROUTE.

Clock Information:
------------------
No clock signals found in this design

Asynchronous Control Signals Information:
----------------------------------------
No asynchronous control signals found in this design

Timing Summary:
---------------
Speed Grade: -3

   Minimum period: No path found
   Minimum input arrival time before clock: No path found
   Maximum output required time after clock: No path found
   Maximum combinational path delay: 11.843ns

Timing Details:
---------------
All values displayed in nanoseconds (ns)

=========================================================================
Timing constraint: Default path analysis
  Total number of paths / destination ports: 3038 / 35
-------------------------------------------------------------------------
Delay:               11.843ns (Levels of Logic = 20)
  Source:            data1<1> (PAD)
  Destination:       zflag (PAD)

  Data Path: data1<1> to zflag
                                Gate     Net
    Cell:in->out      fanout   Delay   Delay  Logical Name (Net Name)
    ----------------------------------------  ------------
     IBUF:I->O             2   0.001   0.688  data1_1_IBUF (data1_1_IBUF)
     LUT5:I0->O            3   0.097   0.566  bit2/adder1/cout1 (wire<1>)
     LUT6:I2->O            3   0.097   0.566  bit4/adder1/cout1 (wire<3>)
     LUT6:I2->O            3   0.097   0.566  bit6/adder1/cout1 (wire<5>)
     LUT6:I2->O            3   0.097   0.566  bit8/adder1/cout1 (wire<7>)
     LUT6:I2->O            3   0.097   0.566  bit10/adder1/cout1 (wire<9>)
     LUT6:I2->O            3   0.097   0.566  bit12/adder1/cout1 (wire<11>)
     LUT6:I2->O            3   0.097   0.566  bit14/adder1/cout1 (wire<13>)
     LUT6:I2->O            3   0.097   0.566  bit16/adder1/cout1 (wire<15>)
     LUT6:I2->O            3   0.097   0.566  bit18/adder1/cout1 (wire<17>)
     LUT6:I2->O            3   0.097   0.566  bit20/adder1/cout1 (wire<19>)
     LUT6:I2->O            3   0.097   0.566  bit22/adder1/cout1 (wire<21>)
     LUT6:I2->O            3   0.097   0.566  bit24/adder1/cout1 (wire<23>)
     LUT6:I2->O            3   0.097   0.566  bit26/adder1/cout1 (wire<25>)
     LUT6:I2->O            3   0.097   0.566  bit28/adder1/cout1 (wire<27>)
     LUT6:I2->O            4   0.097   0.525  bit30/adder1/cout1 (wire<29>)
     LUT4:I1->O            1   0.097   0.379  bit31/adder1/cout1 (wire<30>)
     LUT6:I4->O            2   0.097   0.299  bit32/oper_mux/Mmux_S[1]_Z_5_o_Mux_1_o11 (dataout_31_OBUFT)
     LUT5:I4->O            1   0.097   0.279  zflag7 (zflag_OBUF)
     OBUF:I->O                 0.000          zflag_OBUF (zflag)
    ----------------------------------------
    Total                     11.843ns (1.747ns logic, 10.096ns route)
                                       (14.8% logic, 85.2% route)

=========================================================================

Cross Clock Domains Report:
--------------------------

=========================================================================


Total REAL time to Xst completion: 7.00 secs
Total CPU time to Xst completion: 7.72 secs
 
--> 

Total memory usage is 4638504 kilobytes

Number of errors   :    0 (   0 filtered)
Number of warnings :    3 (   0 filtered)
Number of infos    :    0 (   0 filtered)

