ISim log file
Running: M:\ALUver2\ALUTest_isim_beh.exe -intstyle ise -gui -tclbatch isim.cmd -wdb M:/ALUver2/ALUTest_isim_beh.wdb 
ISim P.58f (signature 0x7708f090)
This is a Full version of ISim.
Time resolution is 1 ps
# onerror resume
# wave add /
# run 1000 ns
Simulator is doing circuit initialization process.
Finished circuit initialization process.
at 20 ns: Note: Test1 (/alutest/).
at 31 ns: Note: Test2 (/alutest/).
at 42 ns: Note: Test3 (/alutest/).
at 42 ns: Error: 3:Fail
at 53 ns: Note: Test4 (/alutest/).
at 53 ns: Error: 4:Fail
at 64 ns: Note: Test5 (/alutest/).
at 64 ns: Error: 5:Fail
at 75 ns: Note: Test6 (/alutest/).
at 75 ns: Error: 6:Fail
at 86 ns: Note: Test7 (/alutest/).
at 86 ns: Error: 7:Fail
at 87 ns: Note: Test Complete (/alutest/).
